mode: atomic
github.com/manabuishiii/jgaworkflowspecchecker/main.go:94.47,97.16 2 3
github.com/manabuishiii/jgaworkflowspecchecker/main.go:101.2,106.16 4 3
github.com/manabuishiii/jgaworkflowspecchecker/main.go:110.2,110.52 1 3
github.com/manabuishiii/jgaworkflowspecchecker/main.go:97.16,98.13 1 0
github.com/manabuishiii/jgaworkflowspecchecker/main.go:106.16,107.13 1 0
github.com/manabuishiii/jgaworkflowspecchecker/main.go:113.87,116.57 3 2
github.com/manabuishiii/jgaworkflowspecchecker/main.go:123.2,123.15 1 2
github.com/manabuishiii/jgaworkflowspecchecker/main.go:116.57,117.60 1 4
github.com/manabuishiii/jgaworkflowspecchecker/main.go:117.60,120.4 2 1
github.com/manabuishiii/jgaworkflowspecchecker/main.go:125.93,175.19 3 2
github.com/manabuishiii/jgaworkflowspecchecker/main.go:185.2,185.15 1 2
github.com/manabuishiii/jgaworkflowspecchecker/main.go:175.19,179.56 2 96
github.com/manabuishiii/jgaworkflowspecchecker/main.go:179.56,182.4 2 1
github.com/manabuishiii/jgaworkflowspecchecker/main.go:188.54,190.2 1 5
github.com/manabuishiii/jgaworkflowspecchecker/main.go:192.57,196.92 2 3
github.com/manabuishiii/jgaworkflowspecchecker/main.go:204.2,205.53 2 3
github.com/manabuishiii/jgaworkflowspecchecker/main.go:209.2,209.20 1 3
github.com/manabuishiii/jgaworkflowspecchecker/main.go:196.92,198.60 1 21
github.com/manabuishiii/jgaworkflowspecchecker/main.go:198.60,201.4 2 1
github.com/manabuishiii/jgaworkflowspecchecker/main.go:205.53,208.3 2 1
github.com/manabuishiii/jgaworkflowspecchecker/main.go:212.62,214.34 1 2
github.com/manabuishiii/jgaworkflowspecchecker/main.go:218.2,218.47 1 2
github.com/manabuishiii/jgaworkflowspecchecker/main.go:222.2,222.32 1 2
github.com/manabuishiii/jgaworkflowspecchecker/main.go:226.2,227.17 2 2
github.com/manabuishiii/jgaworkflowspecchecker/main.go:236.2,236.20 1 2
github.com/manabuishiii/jgaworkflowspecchecker/main.go:214.34,216.3 1 0
github.com/manabuishiii/jgaworkflowspecchecker/main.go:218.47,220.3 1 0
github.com/manabuishiii/jgaworkflowspecchecker/main.go:222.32,224.3 1 0
github.com/manabuishiii/jgaworkflowspecchecker/main.go:227.17,229.19 2 2
github.com/manabuishiii/jgaworkflowspecchecker/main.go:229.19,234.4 4 1
github.com/manabuishiii/jgaworkflowspecchecker/main.go:242.51,244.28 2 0
github.com/manabuishiii/jgaworkflowspecchecker/main.go:251.2,251.20 1 0
github.com/manabuishiii/jgaworkflowspecchecker/main.go:244.28,248.3 3 0
github.com/manabuishiii/jgaworkflowspecchecker/main.go:248.8,250.3 1 0
github.com/manabuishiii/jgaworkflowspecchecker/main.go:254.60,304.2 48 0
github.com/manabuishiii/jgaworkflowspecchecker/main.go:307.69,314.30 4 0
github.com/manabuishiii/jgaworkflowspecchecker/main.go:323.2,324.18 2 0
github.com/manabuishiii/jgaworkflowspecchecker/main.go:344.2,344.18 1 0
github.com/manabuishiii/jgaworkflowspecchecker/main.go:361.2,361.30 1 0
github.com/manabuishiii/jgaworkflowspecchecker/main.go:314.30,315.31 1 0
github.com/manabuishiii/jgaworkflowspecchecker/main.go:318.3,318.31 1 0
github.com/manabuishiii/jgaworkflowspecchecker/main.go:315.31,317.4 1 0
github.com/manabuishiii/jgaworkflowspecchecker/main.go:318.31,320.4 1 0
github.com/manabuishiii/jgaworkflowspecchecker/main.go:324.18,326.3 1 0
github.com/manabuishiii/jgaworkflowspecchecker/main.go:326.8,328.31 2 0
github.com/manabuishiii/jgaworkflowspecchecker/main.go:328.31,329.32 1 0
github.com/manabuishiii/jgaworkflowspecchecker/main.go:332.4,341.78 10 0
github.com/manabuishiii/jgaworkflowspecchecker/main.go:329.32,330.13 1 0
github.com/manabuishiii/jgaworkflowspecchecker/main.go:344.18,346.3 1 0
github.com/manabuishiii/jgaworkflowspecchecker/main.go:346.8,348.31 2 0
github.com/manabuishiii/jgaworkflowspecchecker/main.go:348.31,349.32 1 0
github.com/manabuishiii/jgaworkflowspecchecker/main.go:352.4,357.78 6 0
github.com/manabuishiii/jgaworkflowspecchecker/main.go:349.32,350.13 1 0
github.com/manabuishiii/jgaworkflowspecchecker/main.go:364.66,365.34 1 0
github.com/manabuishiii/jgaworkflowspecchecker/main.go:389.2,389.12 1 0
github.com/manabuishiii/jgaworkflowspecchecker/main.go:365.34,370.17 3 0
github.com/manabuishiii/jgaworkflowspecchecker/main.go:373.3,377.62 4 0
github.com/manabuishiii/jgaworkflowspecchecker/main.go:380.3,381.59 2 0
github.com/manabuishiii/jgaworkflowspecchecker/main.go:386.3,386.17 1 0
github.com/manabuishiii/jgaworkflowspecchecker/main.go:370.17,372.4 1 0
github.com/manabuishiii/jgaworkflowspecchecker/main.go:377.62,379.4 1 0
github.com/manabuishiii/jgaworkflowspecchecker/main.go:381.59,383.4 1 0
github.com/manabuishiii/jgaworkflowspecchecker/main.go:392.91,424.2 18 0
github.com/manabuishiii/jgaworkflowspecchecker/main.go:426.64,429.2 2 2
github.com/manabuishiii/jgaworkflowspecchecker/main.go:437.13,445.14 7 0
github.com/manabuishiii/jgaworkflowspecchecker/main.go:450.2,450.17 1 0
github.com/manabuishiii/jgaworkflowspecchecker/main.go:457.2,465.16 5 0
github.com/manabuishiii/jgaworkflowspecchecker/main.go:469.2,469.20 1 0
github.com/manabuishiii/jgaworkflowspecchecker/main.go:477.2,479.16 3 0
github.com/manabuishiii/jgaworkflowspecchecker/main.go:484.2,491.34 5 0
github.com/manabuishiii/jgaworkflowspecchecker/main.go:506.2,506.18 1 0
github.com/manabuishiii/jgaworkflowspecchecker/main.go:513.2,518.16 4 0
github.com/manabuishiii/jgaworkflowspecchecker/main.go:522.2,522.21 1 0
github.com/manabuishiii/jgaworkflowspecchecker/main.go:531.2,533.16 3 0
github.com/manabuishiii/jgaworkflowspecchecker/main.go:538.2,549.26 5 0
github.com/manabuishiii/jgaworkflowspecchecker/main.go:555.2,556.53 2 0
github.com/manabuishiii/jgaworkflowspecchecker/main.go:567.2,570.63 2 0
github.com/manabuishiii/jgaworkflowspecchecker/main.go:575.2,575.79 1 0
github.com/manabuishiii/jgaworkflowspecchecker/main.go:580.2,580.71 1 0
github.com/manabuishiii/jgaworkflowspecchecker/main.go:585.2,585.76 1 0
github.com/manabuishiii/jgaworkflowspecchecker/main.go:591.2,592.16 2 0
github.com/manabuishiii/jgaworkflowspecchecker/main.go:595.2,597.16 3 0
github.com/manabuishiii/jgaworkflowspecchecker/main.go:600.2,602.16 3 0
github.com/manabuishiii/jgaworkflowspecchecker/main.go:606.2,607.16 2 0
github.com/manabuishiii/jgaworkflowspecchecker/main.go:610.2,612.16 3 0
github.com/manabuishiii/jgaworkflowspecchecker/main.go:615.2,617.16 3 0
github.com/manabuishiii/jgaworkflowspecchecker/main.go:622.2,629.34 4 0
github.com/manabuishiii/jgaworkflowspecchecker/main.go:665.2,665.16 1 0
github.com/manabuishiii/jgaworkflowspecchecker/main.go:679.2,679.34 1 0
github.com/manabuishiii/jgaworkflowspecchecker/main.go:682.2,682.20 1 0
github.com/manabuishiii/jgaworkflowspecchecker/main.go:445.14,449.3 3 0
github.com/manabuishiii/jgaworkflowspecchecker/main.go:450.17,453.3 2 0
github.com/manabuishiii/jgaworkflowspecchecker/main.go:465.16,466.21 1 0
github.com/manabuishiii/jgaworkflowspecchecker/main.go:469.20,471.3 1 0
github.com/manabuishiii/jgaworkflowspecchecker/main.go:471.8,473.40 2 0
github.com/manabuishiii/jgaworkflowspecchecker/main.go:473.40,475.4 1 0
github.com/manabuishiii/jgaworkflowspecchecker/main.go:479.16,482.3 2 0
github.com/manabuishiii/jgaworkflowspecchecker/main.go:491.34,493.31 1 0
github.com/manabuishiii/jgaworkflowspecchecker/main.go:493.31,496.11 3 0
github.com/manabuishiii/jgaworkflowspecchecker/main.go:496.11,503.5 6 0
github.com/manabuishiii/jgaworkflowspecchecker/main.go:506.18,509.3 2 0
github.com/manabuishiii/jgaworkflowspecchecker/main.go:518.16,519.21 1 0
github.com/manabuishiii/jgaworkflowspecchecker/main.go:522.21,524.3 1 0
github.com/manabuishiii/jgaworkflowspecchecker/main.go:524.8,526.41 2 0
github.com/manabuishiii/jgaworkflowspecchecker/main.go:529.3,529.9 1 0
github.com/manabuishiii/jgaworkflowspecchecker/main.go:526.41,528.4 1 0
github.com/manabuishiii/jgaworkflowspecchecker/main.go:533.16,536.3 2 0
github.com/manabuishiii/jgaworkflowspecchecker/main.go:549.26,552.3 2 0
github.com/manabuishiii/jgaworkflowspecchecker/main.go:556.53,557.55 1 0
github.com/manabuishiii/jgaworkflowspecchecker/main.go:557.55,559.63 1 0
github.com/manabuishiii/jgaworkflowspecchecker/main.go:559.63,562.5 2 0
github.com/manabuishiii/jgaworkflowspecchecker/main.go:570.63,574.3 3 0
github.com/manabuishiii/jgaworkflowspecchecker/main.go:575.79,579.3 3 0
github.com/manabuishiii/jgaworkflowspecchecker/main.go:580.71,584.3 3 0
github.com/manabuishiii/jgaworkflowspecchecker/main.go:585.76,589.3 3 0
github.com/manabuishiii/jgaworkflowspecchecker/main.go:592.16,594.3 1 0
github.com/manabuishiii/jgaworkflowspecchecker/main.go:597.16,599.3 1 0
github.com/manabuishiii/jgaworkflowspecchecker/main.go:602.16,604.3 1 0
github.com/manabuishiii/jgaworkflowspecchecker/main.go:607.16,609.3 1 0
github.com/manabuishiii/jgaworkflowspecchecker/main.go:612.16,614.3 1 0
github.com/manabuishiii/jgaworkflowspecchecker/main.go:617.16,619.3 1 0
github.com/manabuishiii/jgaworkflowspecchecker/main.go:629.34,632.84 2 0
github.com/manabuishiii/jgaworkflowspecchecker/main.go:652.3,652.16 1 0
github.com/manabuishiii/jgaworkflowspecchecker/main.go:632.84,636.4 1 0
github.com/manabuishiii/jgaworkflowspecchecker/main.go:636.9,640.15 2 0
github.com/manabuishiii/jgaworkflowspecchecker/main.go:644.4,644.32 1 0
github.com/manabuishiii/jgaworkflowspecchecker/main.go:640.15,642.5 1 0
github.com/manabuishiii/jgaworkflowspecchecker/main.go:644.32,646.16 2 0
github.com/manabuishiii/jgaworkflowspecchecker/main.go:646.16,648.6 1 0
github.com/manabuishiii/jgaworkflowspecchecker/main.go:652.16,657.19 4 0
github.com/manabuishiii/jgaworkflowspecchecker/main.go:657.19,658.24 1 0
github.com/manabuishiii/jgaworkflowspecchecker/main.go:658.24,661.6 2 0
github.com/manabuishiii/jgaworkflowspecchecker/main.go:665.16,667.3 1 0
github.com/manabuishiii/jgaworkflowspecchecker/main.go:679.34,681.3 1 0
